<?xml version="1.0" encoding="UTF-8"?>
<testng-results ignored="0" total="3" passed="3" failed="0" skipped="0">
  <reporter-output>
  </reporter-output>
  <suite started-at="2019-11-20T07:57:08Z" name="Default suite" finished-at="2019-11-20T07:57:49Z" duration-ms="41762">
    <groups>
    </groups>
    <test started-at="2019-11-20T07:57:08Z" name="Default test" finished-at="2019-11-20T07:57:49Z" duration-ms="41762">
      <class name="retail.TC002">
        <test-method is-config="true" signature="initialization()[pri:0, instance:retail.TC002@683dbc2c]" started-at="2019-11-20T07:57:08Z" name="initialization" finished-at="2019-11-20T07:57:15Z" duration-ms="7959" status="PASS">
          <reporter-output>
          </reporter-output>
        </test-method> <!-- initialization -->
        <test-method signature="rTTC_041()[pri:1, instance:retail.TC002@683dbc2c]" started-at="2019-11-20T07:57:16Z" name="rTTC_041" finished-at="2019-11-20T07:57:34Z" duration-ms="18286" status="PASS">
          <reporter-output>
          </reporter-output>
        </test-method> <!-- rTTC_041 -->
        <test-method signature="rTTC_040()[pri:2, instance:retail.TC002@683dbc2c]" started-at="2019-11-20T07:57:34Z" name="rTTC_040" finished-at="2019-11-20T07:57:40Z" duration-ms="5687" status="PASS">
          <reporter-output>
          </reporter-output>
        </test-method> <!-- rTTC_040 -->
        <test-method signature="rTTC_042()[pri:3, instance:retail.TC002@683dbc2c]" started-at="2019-11-20T07:57:40Z" name="rTTC_042" finished-at="2019-11-20T07:57:49Z" duration-ms="9772" status="PASS">
          <reporter-output>
          </reporter-output>
        </test-method> <!-- rTTC_042 -->
      </class> <!-- retail.TC002 -->
    </test> <!-- Default test -->
  </suite> <!-- Default suite -->
</testng-results>
